2020-03-03T00:26:30.721+0700 I  CONTROL  [main] Automatically disabling TLS 1.0, to force-enable TLS 1.0 specify --sslDisabledProtocols 'none'
2020-03-03T00:26:30.724+0700 I  CONTROL  [initandlisten] MongoDB starting : pid=10344 port=12071 dbpath=D:\MongoDB\data\db 64-bit host=LENOVO_S540
2020-03-03T00:26:30.724+0700 I  CONTROL  [initandlisten] targetMinOS: Windows 7/Windows Server 2008 R2
2020-03-03T00:26:30.724+0700 I  CONTROL  [initandlisten] db version v4.2.3
2020-03-03T00:26:30.724+0700 I  CONTROL  [initandlisten] git version: 6874650b362138df74be53d366bbefc321ea32d4
2020-03-03T00:26:30.724+0700 I  CONTROL  [initandlisten] allocator: tcmalloc
2020-03-03T00:26:30.724+0700 I  CONTROL  [initandlisten] modules: none
2020-03-03T00:26:30.732+0700 I  CONTROL  [initandlisten] build environment:
2020-03-03T00:26:30.732+0700 I  CONTROL  [initandlisten]     distmod: 2012plus
2020-03-03T00:26:30.732+0700 I  CONTROL  [initandlisten]     distarch: x86_64
2020-03-03T00:26:30.732+0700 I  CONTROL  [initandlisten]     target_arch: x86_64
2020-03-03T00:26:30.732+0700 I  CONTROL  [initandlisten] options: { net: { port: 12071 }, storage: { dbPath: "D:\MongoDB\data\db" }, systemLog: { destination: "file", path: "D:\MongoDB\log\mongod.log" } }
2020-03-03T00:26:30.735+0700 I  STORAGE  [initandlisten] Detected data files in D:\MongoDB\data\db created by the 'wiredTiger' storage engine, so setting the active storage engine to 'wiredTiger'.
2020-03-03T00:26:30.735+0700 I  STORAGE  [initandlisten] wiredtiger_open config: create,cache_size=9642M,cache_overflow=(file_max=0M),session_max=33000,eviction=(threads_min=4,threads_max=4),config_base=false,statistics=(fast),log=(enabled=true,archive=true,path=journal,compressor=snappy),file_manager=(close_idle_time=100000,close_scan_interval=10,close_handle_minimum=250),statistics_log=(wait=0),verbose=[recovery_progress,checkpoint_progress],
2020-03-03T00:26:30.772+0700 I  STORAGE  [initandlisten] WiredTiger message [1583169990:771354][10344:140725480611408], txn-recover: Recovering log 4 through 5
2020-03-03T00:26:30.824+0700 I  STORAGE  [initandlisten] WiredTiger message [1583169990:824079][10344:140725480611408], txn-recover: Recovering log 5 through 5
2020-03-03T00:26:30.878+0700 I  STORAGE  [initandlisten] WiredTiger message [1583169990:877514][10344:140725480611408], txn-recover: Main recovery loop: starting at 4/18432 to 5/256
2020-03-03T00:26:30.972+0700 I  STORAGE  [initandlisten] WiredTiger message [1583169990:972058][10344:140725480611408], txn-recover: Recovering log 4 through 5
2020-03-03T00:26:31.046+0700 I  STORAGE  [initandlisten] WiredTiger message [1583169991:45518][10344:140725480611408], txn-recover: Recovering log 5 through 5
2020-03-03T00:26:31.101+0700 I  STORAGE  [initandlisten] WiredTiger message [1583169991:100368][10344:140725480611408], txn-recover: Set global recovery timestamp: (0, 0)
2020-03-03T00:26:31.123+0700 I  RECOVERY [initandlisten] WiredTiger recoveryTimestamp. Ts: Timestamp(0, 0)
2020-03-03T00:26:31.129+0700 I  STORAGE  [initandlisten] Timestamp monitor starting
2020-03-03T00:26:31.131+0700 I  CONTROL  [initandlisten] 
2020-03-03T00:26:31.132+0700 I  CONTROL  [initandlisten] ** WARNING: Access control is not enabled for the database.
2020-03-03T00:26:31.132+0700 I  CONTROL  [initandlisten] **          Read and write access to data and configuration is unrestricted.
2020-03-03T00:26:31.132+0700 I  CONTROL  [initandlisten] 
2020-03-03T00:26:31.132+0700 I  CONTROL  [initandlisten] ** WARNING: This server is bound to localhost.
2020-03-03T00:26:31.132+0700 I  CONTROL  [initandlisten] **          Remote systems will be unable to connect to this server. 
2020-03-03T00:26:31.132+0700 I  CONTROL  [initandlisten] **          Start the server with --bind_ip <address> to specify which IP 
2020-03-03T00:26:31.132+0700 I  CONTROL  [initandlisten] **          addresses it should serve responses from, or with --bind_ip_all to
2020-03-03T00:26:31.132+0700 I  CONTROL  [initandlisten] **          bind to all interfaces. If this behavior is desired, start the
2020-03-03T00:26:31.132+0700 I  CONTROL  [initandlisten] **          server with --bind_ip 127.0.0.1 to disable this warning.
2020-03-03T00:26:31.132+0700 I  CONTROL  [initandlisten] 
2020-03-03T00:26:31.138+0700 I  SHARDING [initandlisten] Marking collection local.system.replset as collection version: <unsharded>
2020-03-03T00:26:31.141+0700 I  STORAGE  [initandlisten] Flow Control is enabled on this deployment.
2020-03-03T00:26:31.141+0700 I  SHARDING [initandlisten] Marking collection admin.system.roles as collection version: <unsharded>
2020-03-03T00:26:31.142+0700 I  SHARDING [initandlisten] Marking collection admin.system.version as collection version: <unsharded>
2020-03-03T00:26:31.145+0700 I  SHARDING [initandlisten] Marking collection local.startup_log as collection version: <unsharded>
2020-03-03T00:26:31.265+0700 I  FTDC     [initandlisten] Initializing full-time diagnostic data capture with directory 'D:/MongoDB/data/db/diagnostic.data'
2020-03-03T00:26:31.268+0700 I  SHARDING [LogicalSessionCacheRefresh] Marking collection config.system.sessions as collection version: <unsharded>
2020-03-03T00:26:31.268+0700 I  SHARDING [LogicalSessionCacheReap] Marking collection config.transactions as collection version: <unsharded>
2020-03-03T00:26:31.268+0700 I  NETWORK  [listener] Listening on 127.0.0.1
2020-03-03T00:26:31.268+0700 I  NETWORK  [listener] waiting for connections on port 12071
2020-03-03T00:26:32.003+0700 I  SHARDING [ftdc] Marking collection local.oplog.rs as collection version: <unsharded>
2020-03-03T00:26:32.448+0700 I  CONTROL  [thread1] CTRL_CLOSE_EVENT signal
2020-03-03T00:26:32.448+0700 I  CONTROL  [consoleTerminate] got CTRL_CLOSE_EVENT, will terminate after current cmd ends
2020-03-03T00:26:32.449+0700 I  NETWORK  [consoleTerminate] shutdown: going to close listening sockets...
2020-03-03T00:26:32.449+0700 I  -        [consoleTerminate] Stopping further Flow Control ticket acquisitions.
2020-03-03T00:26:32.450+0700 I  CONTROL  [consoleTerminate] Shutting down free monitoring
2020-03-03T00:26:32.450+0700 I  FTDC     [consoleTerminate] Shutting down full-time diagnostic data capture
2020-03-03T00:26:32.460+0700 I  STORAGE  [consoleTerminate] Deregistering all the collections
2020-03-03T00:26:32.461+0700 I  STORAGE  [consoleTerminate] Timestamp monitor shutting down
2020-03-03T00:26:32.461+0700 I  STORAGE  [consoleTerminate] WiredTigerKVEngine shutting down
2020-03-03T00:26:32.470+0700 I  STORAGE  [consoleTerminate] Shutting down session sweeper thread
2020-03-03T00:26:32.470+0700 I  STORAGE  [consoleTerminate] Finished shutting down session sweeper thread
2020-03-03T00:26:32.470+0700 I  STORAGE  [consoleTerminate] Shutting down journal flusher thread
2020-03-03T00:26:32.532+0700 I  STORAGE  [consoleTerminate] Finished shutting down journal flusher thread
2020-03-03T00:26:32.533+0700 I  STORAGE  [consoleTerminate] Shutting down checkpoint thread
2020-03-03T00:26:32.533+0700 I  STORAGE  [consoleTerminate] Finished shutting down checkpoint thread
2020-03-03T00:26:32.652+0700 I  STORAGE  [consoleTerminate] shutdown: removing fs lock...
2020-03-03T00:26:32.652+0700 I  CONTROL  [consoleTerminate] now exiting
2020-03-03T00:26:32.652+0700 I  CONTROL  [consoleTerminate] shutting down with code:12
